2020-01-21 09:06:06,331 [Worker-6: Loading available Gradle versions] INFO  o.e.b.c.i.u.g.PublishedGradleVersions - Gradle version information cache is up-to-date. Trying to read.
2020-01-21 09:07:14,296 [Worker-9: Importing Maven projects] INFO  o.e.m.c.i.l.LifecycleMappingFactory - Using org.eclipse.m2e.jdt.JarLifecycleMapping lifecycle mapping for MavenProject: com.cvbuilder:CurriculumVitae:0.0.1-SNAPSHOT @ C:\Users\RATSIMBAZAFY\Desktop\WorkSpaceCVBuilder\gestionCv\pom.xml.
2020-01-21 09:07:18,063 [Worker-9: Importing Maven projects] INFO  o.e.m.j.i.AbstractJavaProjectConfigurator - Adding source folder /gestionCv/src/main/java
2020-01-21 09:07:18,064 [Worker-9: Importing Maven projects] INFO  o.e.m.j.i.AbstractJavaProjectConfigurator - Adding resource folder /gestionCv/src/main/resources
2020-01-21 09:07:18,073 [Worker-9: Importing Maven projects] INFO  o.e.m.j.i.AbstractJavaProjectConfigurator - Adding resource folder /gestionCv/src/main/resources
2020-01-21 09:07:18,084 [Worker-9: Importing Maven projects] INFO  o.e.m.j.i.AbstractJavaProjectConfigurator - Adding source folder /gestionCv/src/test/java
2020-01-21 09:07:21,001 [Worker-9: Importing Maven projects] INFO  o.e.m.c.i.p.ProjectConfigurationManager - Imported and configured 1 project(s) in 11 sec
2020-01-21 09:07:23,141 [Worker-3: Building workspace] INFO  o.e.m.c.i.embedder.EclipseLogger - Using 'UTF-8' encoding to copy filtered resources.
2020-01-21 09:07:23,147 [Worker-3: Building workspace] INFO  o.e.m.c.i.embedder.EclipseLogger - Copying 1 resource
2020-01-21 09:07:23,168 [Worker-3: Building workspace] INFO  o.e.m.c.i.embedder.EclipseLogger - Copying 0 resource
2020-01-21 09:07:23,172 [Worker-3: Building workspace] INFO  o.e.m.c.i.embedder.EclipseLogger - Using 'UTF-8' encoding to copy filtered resources.
2020-01-21 09:07:23,172 [Worker-3: Building workspace] INFO  o.e.m.c.i.embedder.EclipseLogger - skip non existing resourceDirectory C:\Users\RATSIMBAZAFY\Desktop\WorkSpaceCVBuilder\gestionCv\src\test\resources
2020-01-21 10:28:21,081 [Worker-36: Building workspace] INFO  o.e.m.c.i.embedder.EclipseLogger - Using 'UTF-8' encoding to copy filtered resources.
2020-01-21 10:28:21,081 [Worker-36: Building workspace] INFO  o.e.m.c.i.embedder.EclipseLogger - skip non existing resourceDirectory C:\Users\RATSIMBAZAFY\Desktop\WorkSpaceCVBuilder\gestionCv\src\main\resources
2020-01-21 10:28:21,081 [Worker-36: Building workspace] INFO  o.e.m.c.i.embedder.EclipseLogger - skip non existing resourceDirectory C:\Users\RATSIMBAZAFY\Desktop\WorkSpaceCVBuilder\gestionCv\src\main\resources
2020-01-21 11:24:55,287 [Worker-6: Loading available Gradle versions] INFO  o.e.b.c.i.u.g.PublishedGradleVersions - Gradle version information cache is up-to-date. Trying to read.
2020-01-21 11:25:42,696 [Worker-5: Loading available Gradle versions] INFO  o.e.b.c.i.u.g.PublishedGradleVersions - Gradle version information cache is up-to-date. Trying to read.
2020-01-21 11:26:15,544 [Worker-9: Importing Maven projects] INFO  o.e.m.c.i.l.LifecycleMappingFactory - Using org.eclipse.m2e.jdt.JarLifecycleMapping lifecycle mapping for MavenProject: com.cvbuilder:CurriculumVitae:0.0.1-SNAPSHOT @ C:\Users\RATSIMBAZAFY\Desktop\WorkSpaceCVBuilder\gestionCvBackEnd\pom.xml.
2020-01-21 11:26:23,460 [Worker-9: Importing Maven projects] INFO  o.e.m.j.i.AbstractJavaProjectConfigurator - Adding source folder /gestionCvBackEnd/src/main/java
2020-01-21 11:26:23,461 [Worker-9: Importing Maven projects] INFO  o.e.m.j.i.AbstractJavaProjectConfigurator - Adding resource folder /gestionCvBackEnd/src/main/resources
2020-01-21 11:26:23,462 [Worker-9: Importing Maven projects] INFO  o.e.m.j.i.AbstractJavaProjectConfigurator - Adding resource folder /gestionCvBackEnd/src/main/resources
2020-01-21 11:26:23,462 [Worker-9: Importing Maven projects] INFO  o.e.m.j.i.AbstractJavaProjectConfigurator - Adding source folder /gestionCvBackEnd/src/test/java
2020-01-21 11:26:23,630 [Worker-9: Importing Maven projects] INFO  o.e.m.c.i.p.ProjectConfigurationManager - Imported and configured 1 project(s) in 16 sec
2020-01-21 11:26:27,851 [Worker-15: Building workspace] INFO  o.e.m.c.i.embedder.EclipseLogger - Using 'UTF-8' encoding to copy filtered resources.
2020-01-21 11:26:27,862 [Worker-15: Building workspace] INFO  o.e.m.c.i.embedder.EclipseLogger - Copying 1 resource
2020-01-21 11:26:27,942 [Worker-15: Building workspace] INFO  o.e.m.c.i.embedder.EclipseLogger - Copying 0 resource
2020-01-21 11:26:27,948 [Worker-15: Building workspace] INFO  o.e.m.c.i.embedder.EclipseLogger - Using 'UTF-8' encoding to copy filtered resources.
2020-01-21 11:26:27,949 [Worker-15: Building workspace] INFO  o.e.m.c.i.embedder.EclipseLogger - skip non existing resourceDirectory C:\Users\RATSIMBAZAFY\Desktop\WorkSpaceCVBuilder\gestionCvBackEnd\src\test\resources
2020-01-21 17:18:25,661 [Worker-120: Building workspace] INFO  o.e.m.c.i.embedder.EclipseLogger - Using 'UTF-8' encoding to copy filtered resources.
2020-01-21 17:18:25,675 [Worker-120: Building workspace] INFO  o.e.m.c.i.embedder.EclipseLogger - Copying 1 resource
2020-01-21 17:18:25,679 [Worker-120: Building workspace] INFO  o.e.m.c.i.embedder.EclipseLogger - Copying 0 resource
2020-01-21 17:18:25,683 [Worker-120: Building workspace] INFO  o.e.m.c.i.embedder.EclipseLogger - Using 'UTF-8' encoding to copy filtered resources.
2020-01-21 17:18:25,684 [Worker-120: Building workspace] INFO  o.e.m.c.i.embedder.EclipseLogger - skip non existing resourceDirectory C:\Users\RATSIMBAZAFY\Desktop\WorkSpaceCVBuilder\gestionCvBackEnd\src\test\resources
2020-01-21 17:19:39,723 [Worker-123: Building workspace] INFO  o.e.m.c.i.embedder.EclipseLogger - Using 'UTF-8' encoding to copy filtered resources.
2020-01-21 17:19:39,725 [Worker-123: Building workspace] INFO  o.e.m.c.i.embedder.EclipseLogger - Copying 1 resource
2020-01-21 17:19:39,729 [Worker-123: Building workspace] INFO  o.e.m.c.i.embedder.EclipseLogger - Copying 0 resource
2020-01-21 17:19:39,735 [Worker-123: Building workspace] INFO  o.e.m.c.i.embedder.EclipseLogger - Using 'UTF-8' encoding to copy filtered resources.
2020-01-21 17:19:39,735 [Worker-123: Building workspace] INFO  o.e.m.c.i.embedder.EclipseLogger - skip non existing resourceDirectory C:\Users\RATSIMBAZAFY\Desktop\WorkSpaceCVBuilder\gestionCvBackEnd\src\test\resources
2020-01-21 17:20:51,774 [Worker-126: Building workspace] INFO  o.e.m.c.i.embedder.EclipseLogger - Using 'UTF-8' encoding to copy filtered resources.
2020-01-21 17:20:51,778 [Worker-126: Building workspace] INFO  o.e.m.c.i.embedder.EclipseLogger - Copying 1 resource
2020-01-21 17:20:51,785 [Worker-126: Building workspace] INFO  o.e.m.c.i.embedder.EclipseLogger - Copying 0 resource
2020-01-21 17:20:51,790 [Worker-126: Building workspace] INFO  o.e.m.c.i.embedder.EclipseLogger - Using 'UTF-8' encoding to copy filtered resources.
2020-01-21 17:20:51,791 [Worker-126: Building workspace] INFO  o.e.m.c.i.embedder.EclipseLogger - skip non existing resourceDirectory C:\Users\RATSIMBAZAFY\Desktop\WorkSpaceCVBuilder\gestionCvBackEnd\src\test\resources
2020-01-21 17:22:01,504 [Worker-124: Building workspace] INFO  o.e.m.c.i.embedder.EclipseLogger - Using 'UTF-8' encoding to copy filtered resources.
2020-01-21 17:22:01,506 [Worker-124: Building workspace] INFO  o.e.m.c.i.embedder.EclipseLogger - Copying 1 resource
2020-01-21 17:22:01,525 [Worker-124: Building workspace] INFO  o.e.m.c.i.embedder.EclipseLogger - Copying 0 resource
2020-01-21 17:22:01,537 [Worker-124: Building workspace] INFO  o.e.m.c.i.embedder.EclipseLogger - Using 'UTF-8' encoding to copy filtered resources.
2020-01-21 17:22:01,538 [Worker-124: Building workspace] INFO  o.e.m.c.i.embedder.EclipseLogger - skip non existing resourceDirectory C:\Users\RATSIMBAZAFY\Desktop\WorkSpaceCVBuilder\gestionCvBackEnd\src\test\resources
2020-01-21 17:22:24,193 [Worker-122: Building workspace] INFO  o.e.m.c.i.embedder.EclipseLogger - Using 'UTF-8' encoding to copy filtered resources.
2020-01-21 17:22:24,194 [Worker-122: Building workspace] INFO  o.e.m.c.i.embedder.EclipseLogger - Copying 1 resource
2020-01-21 17:22:24,199 [Worker-122: Building workspace] INFO  o.e.m.c.i.embedder.EclipseLogger - Copying 0 resource
2020-01-21 17:22:24,204 [Worker-122: Building workspace] INFO  o.e.m.c.i.embedder.EclipseLogger - Using 'UTF-8' encoding to copy filtered resources.
2020-01-21 17:22:24,205 [Worker-122: Building workspace] INFO  o.e.m.c.i.embedder.EclipseLogger - skip non existing resourceDirectory C:\Users\RATSIMBAZAFY\Desktop\WorkSpaceCVBuilder\gestionCvBackEnd\src\test\resources
2020-01-21 17:22:30,300 [Worker-122: Building workspace] INFO  o.e.m.c.i.embedder.EclipseLogger - Using 'UTF-8' encoding to copy filtered resources.
2020-01-21 17:22:30,301 [Worker-122: Building workspace] INFO  o.e.m.c.i.embedder.EclipseLogger - Copying 1 resource
2020-01-21 17:22:30,305 [Worker-122: Building workspace] INFO  o.e.m.c.i.embedder.EclipseLogger - Copying 0 resource
2020-01-21 17:22:30,311 [Worker-122: Building workspace] INFO  o.e.m.c.i.embedder.EclipseLogger - Using 'UTF-8' encoding to copy filtered resources.
2020-01-21 17:22:30,312 [Worker-122: Building workspace] INFO  o.e.m.c.i.embedder.EclipseLogger - skip non existing resourceDirectory C:\Users\RATSIMBAZAFY\Desktop\WorkSpaceCVBuilder\gestionCvBackEnd\src\test\resources
2020-01-21 17:23:52,991 [Worker-126: Building workspace] INFO  o.e.m.c.i.embedder.EclipseLogger - Using 'UTF-8' encoding to copy filtered resources.
2020-01-21 17:23:52,993 [Worker-126: Building workspace] INFO  o.e.m.c.i.embedder.EclipseLogger - Copying 1 resource
2020-01-21 17:23:52,999 [Worker-126: Building workspace] INFO  o.e.m.c.i.embedder.EclipseLogger - Copying 0 resource
2020-01-21 17:23:53,011 [Worker-126: Building workspace] INFO  o.e.m.c.i.embedder.EclipseLogger - Using 'UTF-8' encoding to copy filtered resources.
2020-01-21 17:23:53,012 [Worker-126: Building workspace] INFO  o.e.m.c.i.embedder.EclipseLogger - skip non existing resourceDirectory C:\Users\RATSIMBAZAFY\Desktop\WorkSpaceCVBuilder\gestionCvBackEnd\src\test\resources
2020-01-21 17:24:23,531 [Worker-123: Building workspace] INFO  o.e.m.c.i.embedder.EclipseLogger - Using 'UTF-8' encoding to copy filtered resources.
2020-01-21 17:24:23,533 [Worker-123: Building workspace] INFO  o.e.m.c.i.embedder.EclipseLogger - Copying 1 resource
2020-01-21 17:24:23,536 [Worker-123: Building workspace] INFO  o.e.m.c.i.embedder.EclipseLogger - Copying 0 resource
2020-01-21 17:24:23,541 [Worker-123: Building workspace] INFO  o.e.m.c.i.embedder.EclipseLogger - Using 'UTF-8' encoding to copy filtered resources.
2020-01-21 17:24:23,541 [Worker-123: Building workspace] INFO  o.e.m.c.i.embedder.EclipseLogger - skip non existing resourceDirectory C:\Users\RATSIMBAZAFY\Desktop\WorkSpaceCVBuilder\gestionCvBackEnd\src\test\resources
2020-01-21 17:24:30,227 [Worker-126: Building workspace] INFO  o.e.m.c.i.embedder.EclipseLogger - Using 'UTF-8' encoding to copy filtered resources.
2020-01-21 17:24:30,228 [Worker-126: Building workspace] INFO  o.e.m.c.i.embedder.EclipseLogger - Copying 1 resource
2020-01-21 17:24:30,234 [Worker-126: Building workspace] INFO  o.e.m.c.i.embedder.EclipseLogger - Copying 0 resource
2020-01-21 17:24:30,245 [Worker-126: Building workspace] INFO  o.e.m.c.i.embedder.EclipseLogger - Using 'UTF-8' encoding to copy filtered resources.
2020-01-21 17:24:30,247 [Worker-126: Building workspace] INFO  o.e.m.c.i.embedder.EclipseLogger - skip non existing resourceDirectory C:\Users\RATSIMBAZAFY\Desktop\WorkSpaceCVBuilder\gestionCvBackEnd\src\test\resources
2020-01-21 17:28:39,833 [Worker-128: Building workspace] INFO  o.e.m.c.i.embedder.EclipseLogger - Using 'UTF-8' encoding to copy filtered resources.
2020-01-21 17:28:39,834 [Worker-128: Building workspace] INFO  o.e.m.c.i.embedder.EclipseLogger - Copying 1 resource
2020-01-21 17:28:39,839 [Worker-128: Building workspace] INFO  o.e.m.c.i.embedder.EclipseLogger - Copying 0 resource
2020-01-21 17:28:39,845 [Worker-128: Building workspace] INFO  o.e.m.c.i.embedder.EclipseLogger - Using 'UTF-8' encoding to copy filtered resources.
2020-01-21 17:28:39,845 [Worker-128: Building workspace] INFO  o.e.m.c.i.embedder.EclipseLogger - skip non existing resourceDirectory C:\Users\RATSIMBAZAFY\Desktop\WorkSpaceCVBuilder\gestionCvBackEnd\src\test\resources
2020-01-21 17:29:05,564 [Worker-111: Building workspace] INFO  o.e.m.c.i.embedder.EclipseLogger - Using 'UTF-8' encoding to copy filtered resources.
2020-01-21 17:29:05,565 [Worker-111: Building workspace] INFO  o.e.m.c.i.embedder.EclipseLogger - Copying 1 resource
2020-01-21 17:29:05,572 [Worker-111: Building workspace] INFO  o.e.m.c.i.embedder.EclipseLogger - Copying 0 resource
2020-01-21 17:29:05,578 [Worker-111: Building workspace] INFO  o.e.m.c.i.embedder.EclipseLogger - Using 'UTF-8' encoding to copy filtered resources.
2020-01-21 17:29:05,579 [Worker-111: Building workspace] INFO  o.e.m.c.i.embedder.EclipseLogger - skip non existing resourceDirectory C:\Users\RATSIMBAZAFY\Desktop\WorkSpaceCVBuilder\gestionCvBackEnd\src\test\resources
2020-01-21 17:29:11,364 [Worker-129: Building workspace] INFO  o.e.m.c.i.embedder.EclipseLogger - Using 'UTF-8' encoding to copy filtered resources.
2020-01-21 17:29:11,365 [Worker-129: Building workspace] INFO  o.e.m.c.i.embedder.EclipseLogger - Copying 1 resource
2020-01-21 17:29:11,372 [Worker-129: Building workspace] INFO  o.e.m.c.i.embedder.EclipseLogger - Copying 0 resource
2020-01-21 17:29:11,378 [Worker-129: Building workspace] INFO  o.e.m.c.i.embedder.EclipseLogger - Using 'UTF-8' encoding to copy filtered resources.
2020-01-21 17:29:11,379 [Worker-129: Building workspace] INFO  o.e.m.c.i.embedder.EclipseLogger - skip non existing resourceDirectory C:\Users\RATSIMBAZAFY\Desktop\WorkSpaceCVBuilder\gestionCvBackEnd\src\test\resources
2020-01-21 17:29:45,781 [Worker-128: Building workspace] INFO  o.e.m.c.i.embedder.EclipseLogger - Using 'UTF-8' encoding to copy filtered resources.
2020-01-21 17:29:45,782 [Worker-128: Building workspace] INFO  o.e.m.c.i.embedder.EclipseLogger - Copying 1 resource
2020-01-21 17:29:45,785 [Worker-128: Building workspace] INFO  o.e.m.c.i.embedder.EclipseLogger - Copying 0 resource
2020-01-21 17:29:45,792 [Worker-128: Building workspace] INFO  o.e.m.c.i.embedder.EclipseLogger - Using 'UTF-8' encoding to copy filtered resources.
2020-01-21 17:29:45,792 [Worker-128: Building workspace] INFO  o.e.m.c.i.embedder.EclipseLogger - skip non existing resourceDirectory C:\Users\RATSIMBAZAFY\Desktop\WorkSpaceCVBuilder\gestionCvBackEnd\src\test\resources
2020-01-21 17:30:16,515 [Worker-131: Building workspace] INFO  o.e.m.c.i.embedder.EclipseLogger - Using 'UTF-8' encoding to copy filtered resources.
2020-01-21 17:30:16,517 [Worker-131: Building workspace] INFO  o.e.m.c.i.embedder.EclipseLogger - Copying 1 resource
2020-01-21 17:30:16,526 [Worker-131: Building workspace] INFO  o.e.m.c.i.embedder.EclipseLogger - Copying 0 resource
2020-01-21 17:30:16,529 [Worker-131: Building workspace] INFO  o.e.m.c.i.embedder.EclipseLogger - Using 'UTF-8' encoding to copy filtered resources.
2020-01-21 17:30:16,530 [Worker-131: Building workspace] INFO  o.e.m.c.i.embedder.EclipseLogger - skip non existing resourceDirectory C:\Users\RATSIMBAZAFY\Desktop\WorkSpaceCVBuilder\gestionCvBackEnd\src\test\resources
2020-01-21 17:31:03,987 [Worker-126: Building workspace] INFO  o.e.m.c.i.embedder.EclipseLogger - Using 'UTF-8' encoding to copy filtered resources.
2020-01-21 17:31:03,988 [Worker-126: Building workspace] INFO  o.e.m.c.i.embedder.EclipseLogger - Copying 1 resource
2020-01-21 17:31:03,993 [Worker-126: Building workspace] INFO  o.e.m.c.i.embedder.EclipseLogger - Copying 0 resource
2020-01-21 17:31:04,002 [Worker-126: Building workspace] INFO  o.e.m.c.i.embedder.EclipseLogger - Using 'UTF-8' encoding to copy filtered resources.
2020-01-21 17:31:04,003 [Worker-126: Building workspace] INFO  o.e.m.c.i.embedder.EclipseLogger - skip non existing resourceDirectory C:\Users\RATSIMBAZAFY\Desktop\WorkSpaceCVBuilder\gestionCvBackEnd\src\test\resources
2020-01-21 17:31:09,277 [Worker-111: Building workspace] INFO  o.e.m.c.i.embedder.EclipseLogger - Using 'UTF-8' encoding to copy filtered resources.
2020-01-21 17:31:09,278 [Worker-111: Building workspace] INFO  o.e.m.c.i.embedder.EclipseLogger - Copying 1 resource
2020-01-21 17:31:09,284 [Worker-111: Building workspace] INFO  o.e.m.c.i.embedder.EclipseLogger - Copying 0 resource
2020-01-21 17:31:09,290 [Worker-111: Building workspace] INFO  o.e.m.c.i.embedder.EclipseLogger - Using 'UTF-8' encoding to copy filtered resources.
2020-01-21 17:31:09,290 [Worker-111: Building workspace] INFO  o.e.m.c.i.embedder.EclipseLogger - skip non existing resourceDirectory C:\Users\RATSIMBAZAFY\Desktop\WorkSpaceCVBuilder\gestionCvBackEnd\src\test\resources
2020-01-21 17:56:54,213 [Worker-136: Building workspace] INFO  o.e.m.c.i.l.LifecycleMappingFactory - Using org.eclipse.m2e.jdt.JarLifecycleMapping lifecycle mapping for MavenProject: com.cvbuilder:CurriculumVitae:0.0.1-SNAPSHOT @ C:\Users\RATSIMBAZAFY\Desktop\WorkSpaceCVBuilder\gestionCvBackEnd\pom.xml.
2020-01-21 17:56:56,611 [Worker-136: Building workspace] INFO  o.e.m.c.i.embedder.EclipseLogger - Using 'UTF-8' encoding to copy filtered resources.
2020-01-21 17:56:56,614 [Worker-136: Building workspace] INFO  o.e.m.c.i.embedder.EclipseLogger - Copying 0 resource
2020-01-21 17:56:56,615 [Worker-136: Building workspace] INFO  o.e.m.c.i.embedder.EclipseLogger - Copying 0 resource
2020-01-21 17:56:56,618 [Worker-136: Building workspace] INFO  o.e.m.c.i.embedder.EclipseLogger - Using 'UTF-8' encoding to copy filtered resources.
2020-01-21 17:56:56,618 [Worker-136: Building workspace] INFO  o.e.m.c.i.embedder.EclipseLogger - skip non existing resourceDirectory C:\Users\RATSIMBAZAFY\Desktop\WorkSpaceCVBuilder\gestionCvBackEnd\src\test\resources
2020-01-21 17:56:59,811 [Worker-137: Building workspace] INFO  o.e.m.c.i.l.LifecycleMappingFactory - Using org.eclipse.m2e.jdt.JarLifecycleMapping lifecycle mapping for MavenProject: com.cvbuilder:CurriculumVitae:0.0.1-SNAPSHOT @ C:\Users\RATSIMBAZAFY\Desktop\WorkSpaceCVBuilder\gestionCvBackEnd\pom.xml.
2020-01-21 17:57:00,989 [Worker-137: Building workspace] INFO  o.e.m.c.i.embedder.EclipseLogger - Using 'UTF-8' encoding to copy filtered resources.
2020-01-21 17:57:00,993 [Worker-137: Building workspace] INFO  o.e.m.c.i.embedder.EclipseLogger - Copying 1 resource
2020-01-21 17:57:01,012 [Worker-137: Building workspace] INFO  o.e.m.c.i.embedder.EclipseLogger - Copying 0 resource
2020-01-21 17:57:01,014 [Worker-137: Building workspace] INFO  o.e.m.c.i.embedder.EclipseLogger - Using 'UTF-8' encoding to copy filtered resources.
2020-01-21 17:57:01,014 [Worker-137: Building workspace] INFO  o.e.m.c.i.embedder.EclipseLogger - skip non existing resourceDirectory C:\Users\RATSIMBAZAFY\Desktop\WorkSpaceCVBuilder\gestionCvBackEnd\src\test\resources
2020-01-21 18:03:19,438 [Worker-140: Building workspace] INFO  o.e.m.c.i.l.LifecycleMappingFactory - Using org.eclipse.m2e.jdt.JarLifecycleMapping lifecycle mapping for MavenProject: com.cvbuilder:CurriculumVitae:0.0.1-SNAPSHOT @ C:\Users\RATSIMBAZAFY\Desktop\WorkSpaceCVBuilder\gestionCvBackEnd\pom.xml.
2020-01-21 18:03:19,753 [Worker-139: reload maven project] INFO  o.e.m.c.i.e.AbstractTransferListenerAdapter - Downloading https://repo.maven.apache.org/maven2/io/jsonwebtoken/jjwt/0.9.1/jjwt-0.9.1.pom
2020-01-21 18:03:19,879 [Worker-139: reload maven project] INFO  o.e.m.c.i.e.AbstractTransferListenerAdapter - Downloaded https://repo.maven.apache.org/maven2/io/jsonwebtoken/jjwt/0.9.1/jjwt-0.9.1.pom
2020-01-21 18:03:20,003 [Worker-139: reload maven project] INFO  o.e.m.c.i.e.AbstractTransferListenerAdapter - Downloading https://repo.maven.apache.org/maven2/io/jsonwebtoken/jjwt/0.9.1/jjwt-0.9.1.jar
2020-01-21 18:03:20,244 [Worker-139: reload maven project] INFO  o.e.m.c.i.e.AbstractTransferListenerAdapter - Downloaded https://repo.maven.apache.org/maven2/io/jsonwebtoken/jjwt/0.9.1/jjwt-0.9.1.jar
2020-01-21 18:03:20,387 [Worker-140: Building workspace] INFO  o.e.m.c.i.e.AbstractTransferListenerAdapter - Downloading https://repo.maven.apache.org/maven2/io/jsonwebtoken/jjwt/0.9.1/jjwt-0.9.1.pom
2020-01-21 18:03:20,575 [Worker-140: Building workspace] INFO  o.e.m.c.i.e.AbstractTransferListenerAdapter - Downloaded https://repo.maven.apache.org/maven2/io/jsonwebtoken/jjwt/0.9.1/jjwt-0.9.1.pom
2020-01-21 18:03:21,182 [Worker-140: Building workspace] INFO  o.e.m.c.i.embedder.EclipseLogger - Using 'UTF-8' encoding to copy filtered resources.
2020-01-21 18:03:21,185 [Worker-140: Building workspace] INFO  o.e.m.c.i.embedder.EclipseLogger - Copying 0 resource
2020-01-21 18:03:21,186 [Worker-140: Building workspace] INFO  o.e.m.c.i.embedder.EclipseLogger - Copying 0 resource
2020-01-21 18:03:21,187 [Worker-140: Building workspace] INFO  o.e.m.c.i.embedder.EclipseLogger - Using 'UTF-8' encoding to copy filtered resources.
2020-01-21 18:03:21,188 [Worker-140: Building workspace] INFO  o.e.m.c.i.embedder.EclipseLogger - skip non existing resourceDirectory C:\Users\RATSIMBAZAFY\Desktop\WorkSpaceCVBuilder\gestionCvBackEnd\src\test\resources
2020-01-21 18:03:23,039 [Worker-141: Building workspace] INFO  o.e.m.c.i.embedder.EclipseLogger - Using 'UTF-8' encoding to copy filtered resources.
2020-01-21 18:03:23,040 [Worker-141: Building workspace] INFO  o.e.m.c.i.embedder.EclipseLogger - Copying 1 resource
2020-01-21 18:03:23,079 [Worker-141: Building workspace] INFO  o.e.m.c.i.embedder.EclipseLogger - Copying 0 resource
2020-01-21 18:03:23,082 [Worker-141: Building workspace] INFO  o.e.m.c.i.embedder.EclipseLogger - Using 'UTF-8' encoding to copy filtered resources.
2020-01-21 18:03:23,082 [Worker-141: Building workspace] INFO  o.e.m.c.i.embedder.EclipseLogger - skip non existing resourceDirectory C:\Users\RATSIMBAZAFY\Desktop\WorkSpaceCVBuilder\gestionCvBackEnd\src\test\resources
2020-01-21 18:03:23,307 [Worker-139: Download sources and javadoc] INFO  o.e.m.c.i.e.AbstractTransferListenerAdapter - Downloading https://repo.maven.apache.org/maven2/io/jsonwebtoken/jjwt/0.9.1/jjwt-0.9.1-sources.jar
2020-01-21 18:03:23,606 [Worker-139: Download sources and javadoc] INFO  o.e.m.c.i.e.AbstractTransferListenerAdapter - Downloaded https://repo.maven.apache.org/maven2/io/jsonwebtoken/jjwt/0.9.1/jjwt-0.9.1-sources.jar
2020-01-21 18:03:23,747 [Worker-139: Download sources and javadoc] INFO  o.e.m.j.internal.DownloadSourcesJob - Downloaded sources for io.jsonwebtoken:jjwt:0.9.1
2020-01-21 18:03:24,228 [Worker-139: Building workspace] INFO  o.e.m.c.i.embedder.EclipseLogger - Using 'UTF-8' encoding to copy filtered resources.
2020-01-21 18:03:24,229 [Worker-139: Building workspace] INFO  o.e.m.c.i.embedder.EclipseLogger - Copying 0 resource
2020-01-21 18:03:24,229 [Worker-139: Building workspace] INFO  o.e.m.c.i.embedder.EclipseLogger - Copying 0 resource
2020-01-21 18:03:24,230 [Worker-139: Building workspace] INFO  o.e.m.c.i.embedder.EclipseLogger - Using 'UTF-8' encoding to copy filtered resources.
2020-01-21 18:03:24,230 [Worker-139: Building workspace] INFO  o.e.m.c.i.embedder.EclipseLogger - skip non existing resourceDirectory C:\Users\RATSIMBAZAFY\Desktop\WorkSpaceCVBuilder\gestionCvBackEnd\src\test\resources
2020-01-21 18:03:34,205 [Worker-139: Building workspace] INFO  o.e.m.c.i.l.LifecycleMappingFactory - Using org.eclipse.m2e.jdt.JarLifecycleMapping lifecycle mapping for MavenProject: com.cvbuilder:CurriculumVitae:0.0.1-SNAPSHOT @ C:\Users\RATSIMBAZAFY\Desktop\WorkSpaceCVBuilder\gestionCvBackEnd\pom.xml.
2020-01-21 18:03:34,735 [Worker-139: Building workspace] INFO  o.e.m.c.i.embedder.EclipseLogger - Using 'UTF-8' encoding to copy filtered resources.
2020-01-21 18:03:34,738 [Worker-139: Building workspace] INFO  o.e.m.c.i.embedder.EclipseLogger - Copying 0 resource
2020-01-21 18:03:34,738 [Worker-139: Building workspace] INFO  o.e.m.c.i.embedder.EclipseLogger - Copying 0 resource
2020-01-21 18:03:34,740 [Worker-139: Building workspace] INFO  o.e.m.c.i.embedder.EclipseLogger - Using 'UTF-8' encoding to copy filtered resources.
2020-01-21 18:03:34,740 [Worker-139: Building workspace] INFO  o.e.m.c.i.embedder.EclipseLogger - skip non existing resourceDirectory C:\Users\RATSIMBAZAFY\Desktop\WorkSpaceCVBuilder\gestionCvBackEnd\src\test\resources
2020-01-21 18:03:51,924 [Worker-140: Building workspace] INFO  o.e.m.c.i.l.LifecycleMappingFactory - Using org.eclipse.m2e.jdt.JarLifecycleMapping lifecycle mapping for MavenProject: com.cvbuilder:CurriculumVitae:0.0.1-SNAPSHOT @ C:\Users\RATSIMBAZAFY\Desktop\WorkSpaceCVBuilder\gestionCvBackEnd\pom.xml.
2020-01-21 18:03:53,298 [Worker-140: Building workspace] INFO  o.e.m.c.i.embedder.EclipseLogger - Using 'UTF-8' encoding to copy filtered resources.
2020-01-21 18:03:53,303 [Worker-140: Building workspace] INFO  o.e.m.c.i.embedder.EclipseLogger - Copying 0 resource
2020-01-21 18:03:53,303 [Worker-140: Building workspace] INFO  o.e.m.c.i.embedder.EclipseLogger - Copying 0 resource
2020-01-21 18:03:53,306 [Worker-140: Building workspace] INFO  o.e.m.c.i.embedder.EclipseLogger - Using 'UTF-8' encoding to copy filtered resources.
2020-01-21 18:03:53,307 [Worker-140: Building workspace] INFO  o.e.m.c.i.embedder.EclipseLogger - skip non existing resourceDirectory C:\Users\RATSIMBAZAFY\Desktop\WorkSpaceCVBuilder\gestionCvBackEnd\src\test\resources
2020-01-21 18:04:02,122 [Worker-139: Building workspace] INFO  o.e.m.c.i.l.LifecycleMappingFactory - Using org.eclipse.m2e.jdt.JarLifecycleMapping lifecycle mapping for MavenProject: com.cvbuilder:CurriculumVitae:0.0.1-SNAPSHOT @ C:\Users\RATSIMBAZAFY\Desktop\WorkSpaceCVBuilder\gestionCvBackEnd\pom.xml.
2020-01-21 18:04:03,037 [Worker-139: Building workspace] INFO  o.e.m.c.i.embedder.EclipseLogger - Using 'UTF-8' encoding to copy filtered resources.
2020-01-21 18:04:03,041 [Worker-139: Building workspace] INFO  o.e.m.c.i.embedder.EclipseLogger - Copying 1 resource
2020-01-21 18:04:03,060 [Worker-139: Building workspace] INFO  o.e.m.c.i.embedder.EclipseLogger - Copying 0 resource
2020-01-21 18:04:03,062 [Worker-139: Building workspace] INFO  o.e.m.c.i.embedder.EclipseLogger - Using 'UTF-8' encoding to copy filtered resources.
2020-01-21 18:04:03,063 [Worker-139: Building workspace] INFO  o.e.m.c.i.embedder.EclipseLogger - skip non existing resourceDirectory C:\Users\RATSIMBAZAFY\Desktop\WorkSpaceCVBuilder\gestionCvBackEnd\src\test\resources
